<?xml version="1.0" encoding="UTF-8"?>
<!-- Generated by org.testng.reporters.JUnitReportReporter -->
<testsuite hostname="Deepi" failures="1" tests="5" name="com.training.runner.Runner" time="25.783" errors="0" timestamp="2022-05-29T23:21:28 PDT" skipped="0">
  <testcase classname="com.training.runner.Runner" name="runScenario" time="2.971"/>
  <system-out/>
  <testcase classname="com.training.runner.Runner" name="runScenario" time="7.474">
    <failure message="expected [Welcome to your free trial] but found [Switch to Lightning Experience]" type="java.lang.AssertionError">
      <![CDATA[java.lang.AssertionError: expected [Welcome to your free trial] but found [Switch to Lightning Experience]
at org.testng.Assert.fail(Assert.java:99)
at org.testng.Assert.failNotEquals(Assert.java:1037)
at org.testng.Assert.assertEqualsImpl(Assert.java:140)
at org.testng.Assert.assertEquals(Assert.java:122)
at org.testng.Assert.assertEquals(Assert.java:629)
at org.testng.Assert.assertEquals(Assert.java:639)
at com.training.steps.StepDefinitionPOM.verify_text_as(StepDefinitionPOM.java:101)
at ✽.verify text as "Welcome to your free trial"(file:///C:/Users/deepi/eclipse-workspace/CucumberSalesforceWithPOM/src/test/resources/com/training/features/SalesForce.feature:20)
]]>
    </failure>
  </testcase> <!-- runScenario -->
  <system-out/>
  <testcase classname="com.training.runner.Runner" name="runScenario" time="3.032"/>
  <system-out/>
  <testcase classname="com.training.runner.Runner" name="runScenario" time="9.872"/>
  <system-out/>
  <testcase classname="com.training.runner.Runner" name="runScenario" time="2.434"/>
  <system-out/>
</testsuite> <!-- com.training.runner.Runner -->
